Using pre-set license
Built from '2021.2/staging' branch; Version is '2021.2.3f1 (32358a8527b4) revision 3290506'; Using compiler version '192829333'; Build Type 'Release'
OS: 'Windows 10 Home Single Language; OS build 22000.318; Version 2009; 64bit' Language: 'en' Physical Memory: 8029 MB
BatchMode: 1, IsHumanControllingUs: 0, StartBugReporterOnCrash: 0, Is64bit: 1, IsPro: 0

COMMAND LINE ARGUMENTS:
C:\Program Files\Unity 2021.2.3f1\Editor\Unity.exe
-adb2
-batchMode
-noUpm
-name
AssetImportWorker3
-projectPath
C:/RIDLO/Matkul/Semester 7/Teknik Pengembangan Game/fp-tpg/fp-tpg
-logFile
Logs/AssetImportWorker3.log
-srvPort
52537
Successfully changed project path to: C:/RIDLO/Matkul/Semester 7/Teknik Pengembangan Game/fp-tpg/fp-tpg
C:/RIDLO/Matkul/Semester 7/Teknik Pengembangan Game/fp-tpg/fp-tpg
[UnityMemory] Configuration Parameters - Can be set up in boot.config
    "memorysetup-bucket-allocator-granularity=16"
    "memorysetup-bucket-allocator-bucket-count=8"
    "memorysetup-bucket-allocator-block-size=33554432"
    "memorysetup-bucket-allocator-block-count=8"
    "memorysetup-main-allocator-block-size=16777216"
    "memorysetup-thread-allocator-block-size=16777216"
    "memorysetup-gfx-main-allocator-block-size=16777216"
    "memorysetup-gfx-thread-allocator-block-size=16777216"
    "memorysetup-cache-allocator-block-size=4194304"
    "memorysetup-typetree-allocator-block-size=2097152"
    "memorysetup-profiler-bucket-allocator-granularity=16"
    "memorysetup-profiler-bucket-allocator-bucket-count=8"
    "memorysetup-profiler-bucket-allocator-block-size=33554432"
    "memorysetup-profiler-bucket-allocator-block-count=8"
    "memorysetup-profiler-allocator-block-size=16777216"
    "memorysetup-profiler-editor-allocator-block-size=1048576"
    "memorysetup-temp-allocator-size-main=16777216"
    "memorysetup-job-temp-allocator-block-size=2097152"
    "memorysetup-job-temp-allocator-block-size-background=1048576"
    "memorysetup-job-temp-allocator-reduction-small-platforms=262144"
    "memorysetup-temp-allocator-size-background-worker=32768"
    "memorysetup-temp-allocator-size-job-worker=262144"
    "memorysetup-temp-allocator-size-preload-manager=33554432"
    "memorysetup-temp-allocator-size-nav-mesh-worker=65536"
    "memorysetup-temp-allocator-size-audio-worker=65536"
    "memorysetup-temp-allocator-size-cloud-worker=32768"
    "memorysetup-temp-allocator-size-gi-baking-worker=262144"
    "memorysetup-temp-allocator-size-gfx=262144"
Refreshing native plugins compatible for Editor in 181.17 ms, found 4 plugins.
Preloading 0 native plugins for Editor in 0.00 ms.
Initialize engine version: 2021.2.3f1 (32358a8527b4)
[Subsystems] Discovering subsystems at path C:/Program Files/Unity 2021.2.3f1/Editor/Data/Resources/UnitySubsystems
[Subsystems] Discovering subsystems at path C:/RIDLO/Matkul/Semester 7/Teknik Pengembangan Game/fp-tpg/fp-tpg/Assets
GfxDevice: creating device client; threaded=0; jobified=0
Direct3D:
    Version:  Direct3D 11.0 [level 11.1]
    Renderer: NVIDIA GeForce GTX 1650 (ID=0x1f91)
    Vendor:   NVIDIA
    VRAM:     3962 MB
    Driver:   30.0.14.9676
Initialize mono
Mono path[0] = 'C:/Program Files/Unity 2021.2.3f1/Editor/Data/Managed'
Mono path[1] = 'C:/Program Files/Unity 2021.2.3f1/Editor/Data/MonoBleedingEdge/lib/mono/unityjit-win32'
Mono config path = 'C:/Program Files/Unity 2021.2.3f1/Editor/Data/MonoBleedingEdge/etc'
Using monoOptions --debugger-agent=transport=dt_socket,embedding=1,server=y,suspend=n,address=127.0.0.1:56536
Begin MonoManager ReloadAssembly
Registering precompiled unity dll's ...
Register platform support module: C:/Program Files/Unity 2021.2.3f1/Editor/Data/PlaybackEngines/WindowsStandaloneSupport/UnityEditor.WindowsStandalone.Extensions.dll
Registered in 0.006859 seconds.
Native extension for WindowsStandalone target not found
Refreshing native plugins compatible for Editor in 156.58 ms, found 4 plugins.
Preloading 0 native plugins for Editor in 0.00 ms.
Mono: successfully reloaded assembly
- Completed reload, in  1.090 seconds
Domain Reload Profiling:
	ReloadAssembly (1091ms)
		BeginReloadAssembly (153ms)
			ExecutionOrderSort (0ms)
			DisableScriptedObjects (0ms)
			BackupInstance (0ms)
			ReleaseScriptingObjects (0ms)
			CreateAndSetChildDomain (1ms)
		EndReloadAssembly (812ms)
			LoadAssemblies (150ms)
			RebuildTransferFunctionScriptingTraits (0ms)
			SetupTypeCache (191ms)
			ReleaseScriptCaches (0ms)
			RebuildScriptCaches (49ms)
			SetupLoadedEditorAssemblies (486ms)
				LogAssemblyErrors (0ms)
				InitializePlatformSupportModulesInManaged (20ms)
				SetLoadedEditorAssemblies (0ms)
				RefreshPlugins (157ms)
				BeforeProcessingInitializeOnLoad (4ms)
				ProcessInitializeOnLoadAttributes (229ms)
				ProcessInitializeOnLoadMethodAttributes (77ms)
				AfterProcessingInitializeOnLoad (0ms)
				EditorAssembliesLoaded (0ms)
			ExecutionOrderSort2 (0ms)
			AwakeInstancesAfterBackupRestoration (0ms)
Platform modules already initialized, skipping
Registering precompiled user dll's ...
Registered in 0.012559 seconds.
Begin MonoManager ReloadAssembly
Symbol file LoadedFromMemory doesn't match image C:\RIDLO\Matkul\Semester 7\Teknik Pengembangan Game\fp-tpg\fp-tpg\Library\PackageCache\com.unity.visualscripting@1.7.5\Editor\VisualScripting.Core\Dependencies\YamlDotNet\Unity.VisualScripting.YamlDotNet.dll
Symbol file LoadedFromMemory doesn't match image C:\RIDLO\Matkul\Semester 7\Teknik Pengembangan Game\fp-tpg\fp-tpg\Library\PackageCache\com.unity.visualscripting@1.7.5\Editor\VisualScripting.Core\Dependencies\DotNetZip\Unity.VisualScripting.IonicZip.dll
Native extension for WindowsStandalone target not found
Refreshing native plugins compatible for Editor in 164.20 ms, found 4 plugins.
Preloading 0 native plugins for Editor in 0.00 ms.
Mono: successfully reloaded assembly
- Completed reload, in  5.198 seconds
Domain Reload Profiling:
	ReloadAssembly (5199ms)
		BeginReloadAssembly (324ms)
			ExecutionOrderSort (0ms)
			DisableScriptedObjects (9ms)
			BackupInstance (0ms)
			ReleaseScriptingObjects (0ms)
			CreateAndSetChildDomain (31ms)
		EndReloadAssembly (4599ms)
			LoadAssemblies (408ms)
			RebuildTransferFunctionScriptingTraits (0ms)
			SetupTypeCache (549ms)
			ReleaseScriptCaches (1ms)
			RebuildScriptCaches (118ms)
			SetupLoadedEditorAssemblies (3333ms)
				LogAssemblyErrors (0ms)
				InitializePlatformSupportModulesInManaged (17ms)
				SetLoadedEditorAssemblies (0ms)
				RefreshPlugins (164ms)
				BeforeProcessingInitializeOnLoad (180ms)
				ProcessInitializeOnLoadAttributes (1255ms)
				ProcessInitializeOnLoadMethodAttributes (1709ms)
				AfterProcessingInitializeOnLoad (8ms)
				EditorAssembliesLoaded (0ms)
			ExecutionOrderSort2 (0ms)
			AwakeInstancesAfterBackupRestoration (15ms)
Platform modules already initialized, skipping
========================================================================
Worker process is ready to serve import requests
Launched and connected shader compiler UnityShaderCompiler.exe after 0.19 seconds
Refreshing native plugins compatible for Editor in 2.47 ms, found 4 plugins.
Preloading 0 native plugins for Editor in 0.00 ms.
Unloading 3896 Unused Serialized files (Serialized files now loaded: 0)
Unloading 43 unused Assets / (224.0 KB). Loaded Objects now: 4345.
Memory consumption went from 149.3 MB to 149.1 MB.
Total: 18.558300 ms (FindLiveObjects: 0.809000 ms CreateObjectMapping: 0.756000 ms MarkObjects: 16.598100 ms  DeleteObjects: 0.393500 ms)

AssetImportParameters requested are different than current active one (requested -> active):
  custom:video-decoder-ogg-theora: a1e56fd34408186e4bbccfd4996cb3dc -> 
  custom:container-muxer-webm: aa71ff27fc2769a1b78a27578f13a17b -> 
  custom:container-demuxer-webm: 4f35f7cbe854078d1ac9338744f61a02 -> 
  custom:video-encoder-webm-vp8: eb34c28f22e8b96e1ab97ce403110664 -> 
  custom:audio-encoder-webm-vorbis: bf7c407c2cedff20999df2af8eb42d56 -> 
  custom:framework-win-MediaFoundation: 216162199b28c13a410421893ffa2e32 -> 
  custom:container-demuxer-ogg: 62fdf1f143b41e24485cea50d1cbac27 -> 
  custom:video-decoder-webm-vp8: 9c59270c3fd7afecdb556c50c9e8de78 -> 
  custom:audio-decoder-ogg-vorbis: bf7c407c2cedff20999df2af8eb42d56 -> 
========================================================================
Received Import Request.
  Time since last request: 453991.561815 seconds.
  path: Assets/Sprites/Turtle_03.png
  artifactKey: Guid(51e35edad548c834285b87dcf7f0b06e) Importer(815301076,1909f56bfc062723c751e8b465ee728b)
Start importing Assets/Sprites/Turtle_03.png using Guid(51e35edad548c834285b87dcf7f0b06e) Importer(815301076,1909f56bfc062723c751e8b465ee728b)  -> (artifact id: '95d1c85c1d7b2f53a8767499e0066efb') in 0.390407 seconds 
========================================================================
Received Import Request.
  Time since last request: 0.000113 seconds.
  path: Assets/Sprites/Car4.png
  artifactKey: Guid(ecd845c4018d5b64ea949795231de2dd) Importer(815301076,1909f56bfc062723c751e8b465ee728b)
Start importing Assets/Sprites/Car4.png using Guid(ecd845c4018d5b64ea949795231de2dd) Importer(815301076,1909f56bfc062723c751e8b465ee728b)  -> (artifact id: '181af43e969c8ea36f832124b87a0978') in 0.075076 seconds 
========================================================================
Received Import Request.
  Time since last request: 0.000457 seconds.
  path: Assets/Sprites/Road.png
  artifactKey: Guid(2aae122b9879f2d4c9b07bae1c2c78c7) Importer(815301076,1909f56bfc062723c751e8b465ee728b)
Start importing Assets/Sprites/Road.png using Guid(2aae122b9879f2d4c9b07bae1c2c78c7) Importer(815301076,1909f56bfc062723c751e8b465ee728b)  -> (artifact id: 'b11db546b7d086070594b466c4a8f862') in 0.054842 seconds 
========================================================================
Received Import Request.
  Time since last request: 0.000030 seconds.
  path: Assets/Sprites/Turtle_02.png
  artifactKey: Guid(31a20cd2bec2ccc478e8936760805964) Importer(815301076,1909f56bfc062723c751e8b465ee728b)
Start importing Assets/Sprites/Turtle_02.png using Guid(31a20cd2bec2ccc478e8936760805964) Importer(815301076,1909f56bfc062723c751e8b465ee728b)  -> (artifact id: '0b08c130eba5d47d157096d19e4225b4') in 0.059820 seconds 
========================================================================
Received Import Request.
  Time since last request: 0.000023 seconds.
  path: Assets/Sprites/Car5.png
  artifactKey: Guid(8915b00bac87b5744a8aeafb4c2234f9) Importer(815301076,1909f56bfc062723c751e8b465ee728b)
Start importing Assets/Sprites/Car5.png using Guid(8915b00bac87b5744a8aeafb4c2234f9) Importer(815301076,1909f56bfc062723c751e8b465ee728b)  -> (artifact id: 'cac881f1323a2c575fee0e4233253102') in 0.052512 seconds 
========================================================================
Received Import Request.
  Time since last request: 0.000044 seconds.
  path: Assets/Sprites/LogMiddle.png
  artifactKey: Guid(201a43ea5ea5726448f68077b4e34f1c) Importer(815301076,1909f56bfc062723c751e8b465ee728b)
Start importing Assets/Sprites/LogMiddle.png using Guid(201a43ea5ea5726448f68077b4e34f1c) Importer(815301076,1909f56bfc062723c751e8b465ee728b)  -> (artifact id: 'a091e2a76242e1dd383a71dc29fe8b79') in 0.051337 seconds 
========================================================================
Received Import Request.
  Time since last request: 139.900070 seconds.
  path: Assets/Sprites/kecebur.png
  artifactKey: Guid(1eef2fec924a33b45ab657cb9584438f) Importer(815301076,1909f56bfc062723c751e8b465ee728b)
Start importing Assets/Sprites/kecebur.png using Guid(1eef2fec924a33b45ab657cb9584438f) Importer(815301076,1909f56bfc062723c751e8b465ee728b)  -> (artifact id: '49c5f7ac4c1bc9fde46621ed4f33420c') in 0.041514 seconds 
========================================================================
Received Import Request.
  Time since last request: 35.054332 seconds.
  path: Assets/Sprites/Jelly 8.png
  artifactKey: Guid(1df423ec5438b4c448fe856ce17823ad) Importer(815301076,1909f56bfc062723c751e8b465ee728b)
Start importing Assets/Sprites/Jelly 8.png using Guid(1df423ec5438b4c448fe856ce17823ad) Importer(815301076,1909f56bfc062723c751e8b465ee728b)  -> (artifact id: '1f69a8bb29f8eae5bf9e60262881f51c') in 0.030405 seconds 
========================================================================
Received Import Request.
  Time since last request: 6.527591 seconds.
  path: Assets/Sprites/Jelly 7.png
  artifactKey: Guid(34f4dcd230adc164ba18e0ad0103793d) Importer(815301076,1909f56bfc062723c751e8b465ee728b)
Start importing Assets/Sprites/Jelly 7.png using Guid(34f4dcd230adc164ba18e0ad0103793d) Importer(815301076,1909f56bfc062723c751e8b465ee728b)  -> (artifact id: '4786f84efbf78c309dbdbb80ee6bd9bb') in 0.027693 seconds 
========================================================================
Received Import Request.
  Time since last request: 6.199715 seconds.
  path: Assets/Sprites/Jelly 9.png
  artifactKey: Guid(d5812b9d9b493f44f97e5e5d7eaf96ed) Importer(815301076,1909f56bfc062723c751e8b465ee728b)
Start importing Assets/Sprites/Jelly 9.png using Guid(d5812b9d9b493f44f97e5e5d7eaf96ed) Importer(815301076,1909f56bfc062723c751e8b465ee728b)  -> (artifact id: '48211df0c286e950c5a155506e1372c6') in 0.033568 seconds 
========================================================================
Received Import Request.
  Time since last request: 42.336084 seconds.
  path: Assets/Sprites/Jelly 7.png
  artifactKey: Guid(34f4dcd230adc164ba18e0ad0103793d) Importer(815301076,1909f56bfc062723c751e8b465ee728b)
Start importing Assets/Sprites/Jelly 7.png using Guid(34f4dcd230adc164ba18e0ad0103793d) Importer(815301076,1909f56bfc062723c751e8b465ee728b)  -> (artifact id: 'd8ed1a899b6d279ef5fca4d095250d6d') in 0.033170 seconds 
========================================================================
Received Import Request.
  Time since last request: 9.943707 seconds.
  path: Assets/Sprites/Jelly 8.png
  artifactKey: Guid(1df423ec5438b4c448fe856ce17823ad) Importer(815301076,1909f56bfc062723c751e8b465ee728b)
Start importing Assets/Sprites/Jelly 8.png using Guid(1df423ec5438b4c448fe856ce17823ad) Importer(815301076,1909f56bfc062723c751e8b465ee728b)  -> (artifact id: 'fd765a5265ee39311534b727b045ba40') in 0.025576 seconds 
========================================================================
Received Import Request.
  Time since last request: 17.380861 seconds.
  path: Assets/Sprites/kecebur.png
  artifactKey: Guid(1eef2fec924a33b45ab657cb9584438f) Importer(815301076,1909f56bfc062723c751e8b465ee728b)
Start importing Assets/Sprites/kecebur.png using Guid(1eef2fec924a33b45ab657cb9584438f) Importer(815301076,1909f56bfc062723c751e8b465ee728b)  -> (artifact id: '795b792d0a20a0f09a4d823380158a3e') in 0.032272 seconds 
========================================================================
Received Import Request.
  Time since last request: 8.030906 seconds.
  path: Assets/Sprites/Jelly 9.png
  artifactKey: Guid(d5812b9d9b493f44f97e5e5d7eaf96ed) Importer(815301076,1909f56bfc062723c751e8b465ee728b)
Start importing Assets/Sprites/Jelly 9.png using Guid(d5812b9d9b493f44f97e5e5d7eaf96ed) Importer(815301076,1909f56bfc062723c751e8b465ee728b)  -> (artifact id: 'c9e8717157289d6a7cd9cf1a7aceb218') in 0.022325 seconds 
========================================================================
Received Import Request.
  Time since last request: 19.392571 seconds.
  path: Assets/Sprites/Ular.png
  artifactKey: Guid(34f4dcd230adc164ba18e0ad0103793d) Importer(815301076,1909f56bfc062723c751e8b465ee728b)
Start importing Assets/Sprites/Ular.png using Guid(34f4dcd230adc164ba18e0ad0103793d) Importer(815301076,1909f56bfc062723c751e8b465ee728b)  -> (artifact id: 'c3576f7882d848bbe09b4cf653c772e7') in 0.029836 seconds 
========================================================================
Received Import Request.
  Time since last request: 6.414702 seconds.
  path: Assets/Sprites/Hiu.png
  artifactKey: Guid(1df423ec5438b4c448fe856ce17823ad) Importer(815301076,1909f56bfc062723c751e8b465ee728b)
Start importing Assets/Sprites/Hiu.png using Guid(1df423ec5438b4c448fe856ce17823ad) Importer(815301076,1909f56bfc062723c751e8b465ee728b)  -> (artifact id: 'ed69ad3b557074c68ba06125e035867b') in 0.038667 seconds 
